<?xml version="1.0" encoding="utf-8"?><testsuite errors="0" failures="0" name="pytest" skips="0" tests="14" time="0.350"><testcase classname="test.test_Module01" file="test/test_Module01.py" line="3" name="test_case01" time="0.00317287445068"></testcase><testcase classname="test.test_Module02" file="test/test_Module02.py" line="0" name="test_case01" time="0.00302314758301"></testcase><testcase classname="test.test_Module03.TestClass01" file="test/test_Module03.py" line="2" name="test_case01" time="0.0031476020813"></testcase><testcase classname="test.test_Module03.TestClass01" file="test/test_Module03.py" line="5" name="test_case02" time="0.00273680686951"></testcase><testcase classname="test.test_Module04" file="test/test_Module04.py" line="16" name="test_case01" time="0.00510907173157"><system-out>
In setup_module()...

In setup_function()...

In test_case01()...
</system-out></testcase><testcase classname="test.test_Module04" file="test/test_Module04.py" line="20" name="test_case02" time="0.00382828712463"><system-out>
In setup_function()...

In test_case02()...
</system-out></testcase><testcase classname="test.test_Module04.TestClass02" file="test/test_Module04.py" line="40" name="test_case03" time="0.00449514389038"><system-out>
In setup_class()...

In setup_method()...

In test_case03()...
</system-out></testcase><testcase classname="test.test_Module04.TestClass02" file="test/test_Module04.py" line="43" name="test_case04" time="0.00428509712219"><system-out>
In setup_method()...

In test_case04()...
</system-out></testcase><testcase classname="test.test_Module05" file="test/test_Module05.py" line="8" name="test_case01" time="0.00444030761719"><system-out>
In fixture01()...

In test_case01()...
</system-out></testcase><testcase classname="test.test_Module06" file="test/test_Module06.py" line="8" name="test_case01" time="0.00449395179749"><system-out>
In fixture01()...

In test_case01()...
</system-out></testcase><testcase classname="test.test_Module07.TestClass03" file="test/test_Module07.py" line="10" name="test_case01" time="0.00465393066406"><system-out>
In fixture01()...
I&apos;m the test case 01
</system-out></testcase><testcase classname="test.test_Module07.TestClass03" file="test/test_Module07.py" line="13" name="test_case02" time="0.00421404838562"><system-out>
In fixture01()...
I&apos;m the test case 02
</system-out></testcase><testcase classname="test.test_Module08" file="test/test_Module08.py" line="12" name="test_case01" time="0.00514793395996"><system-out>
In fixture...

I&apos;m the test
</system-out></testcase><testcase classname="test.test_Module09" file="test/test_Module09.py" line="13" name="test_case01" time="0.005126953125"><system-out>
In fixture...
Fixture Scope: function
Function Name: test_case01
Class Name: None
Module Name: test.test_Module09
File Path: /home/pi/book/code/chapter04/test/test_Module09.py

I&apos;m the test
</system-out></testcase></testsuite>